<?xml version="1.0" encoding="UTF-8"?>
<testsuites name="jest tests" tests="33" failures="0" errors="0" time="2.619">
  <testsuite name="Coordinates" errors="0" failures="0" skipped="0" timestamp="2025-12-30T17:56:06" time="1.919" tests="11">
    <testcase classname="Coordinates protected constructor returns class instance with coordinates 0,0 because the input value is wrong" name="Coordinates protected constructor returns class instance with coordinates 0,0 because the input value is wrong" time="0.004">
    </testcase>
    <testcase classname="Coordinates fromArrayCoords returns false with wrong parameters" name="Coordinates fromArrayCoords returns false with wrong parameters" time="0.001">
    </testcase>
    <testcase classname="Coordinates fromArrayCoords returns a correct instance of the Coordinates class" name="Coordinates fromArrayCoords returns a correct instance of the Coordinates class" time="0">
    </testcase>
    <testcase classname="Coordinates fromStringCoords returns false with wrong parameters" name="Coordinates fromStringCoords returns false with wrong parameters" time="0.001">
    </testcase>
    <testcase classname="Coordinates fromStringCoords returns a correct instance of the Coordinates class" name="Coordinates fromStringCoords returns a correct instance of the Coordinates class" time="0.001">
    </testcase>
    <testcase classname="Coordinates Getters and Setters set wrong values" name="Coordinates Getters and Setters set wrong values" time="0">
    </testcase>
    <testcase classname="Coordinates Getters and Setters set correct values" name="Coordinates Getters and Setters set correct values" time="0.001">
    </testcase>
    <testcase classname="Coordinates Utility method: arrayCoordsToStringCoords invoke with wrong values" name="Coordinates Utility method: arrayCoordsToStringCoords invoke with wrong values" time="0">
    </testcase>
    <testcase classname="Coordinates Utility method: arrayCoordsToStringCoords invoke with correct values" name="Coordinates Utility method: arrayCoordsToStringCoords invoke with correct values" time="0.001">
    </testcase>
    <testcase classname="Coordinates Utility method: stringCoordsToArrCoords invoke with wrong values" name="Coordinates Utility method: stringCoordsToArrCoords invoke with wrong values" time="0">
    </testcase>
    <testcase classname="Coordinates Utility method: stringCoordsToArrCoords invoke with correct values" name="Coordinates Utility method: stringCoordsToArrCoords invoke with correct values" time="0.001">
    </testcase>
  </testsuite>
  <testsuite name="DanMatrixColumnsIterator" errors="0" failures="0" skipped="0" timestamp="2025-12-30T17:56:06" time="1.923" tests="3">
    <testcase classname="DanMatrixColumnsIterator check the constructor with correct parameters" name="DanMatrixColumnsIterator check the constructor with correct parameters" time="0.004">
    </testcase>
    <testcase classname="DanMatrixColumnsIterator check the constructor with wrong parameters - should throw exceptions" name="DanMatrixColumnsIterator check the constructor with wrong parameters - should throw exceptions" time="0.007">
    </testcase>
    <testcase classname="DanMatrixColumnsIterator check it iterates through all the columns" name="DanMatrixColumnsIterator check it iterates through all the columns" time="0.002">
    </testcase>
  </testsuite>
  <testsuite name="DanMatrixRowsIterator" errors="0" failures="0" skipped="0" timestamp="2025-12-30T17:56:06" time="1.932" tests="3">
    <testcase classname="DanMatrixRowsIterator check the constructor with correct parameters" name="DanMatrixRowsIterator check the constructor with correct parameters" time="0.004">
    </testcase>
    <testcase classname="DanMatrixRowsIterator check the constructor with wrong parameters - should throw exceptions" name="DanMatrixRowsIterator check the constructor with wrong parameters - should throw exceptions" time="0.009">
    </testcase>
    <testcase classname="DanMatrixRowsIterator check it iterates through all the rows" name="DanMatrixRowsIterator check it iterates through all the rows" time="0.005">
    </testcase>
  </testsuite>
  <testsuite name="DanMatrixElementsIterator" errors="0" failures="0" skipped="0" timestamp="2025-12-30T17:56:06" time="1.936" tests="3">
    <testcase classname="DanMatrixElementsIterator check the constructor with correct parameters" name="DanMatrixElementsIterator check the constructor with correct parameters" time="0.004">
    </testcase>
    <testcase classname="DanMatrixElementsIterator check the constructor with wrong parameters - should throw exceptions" name="DanMatrixElementsIterator check the constructor with wrong parameters - should throw exceptions" time="0.031">
    </testcase>
    <testcase classname="DanMatrixElementsIterator check it iterates through all the elements" name="DanMatrixElementsIterator check it iterates through all the elements" time="0.004">
    </testcase>
  </testsuite>
  <testsuite name="Matrix" errors="0" failures="0" skipped="0" timestamp="2025-12-30T17:56:06" time="1.973" tests="13">
    <testcase classname="Matrix check the constructor with correct parameters" name="Matrix check the constructor with correct parameters" time="0.004">
    </testcase>
    <testcase classname="Matrix check the constructor with wrong parameters - should throw exceptions" name="Matrix check the constructor with wrong parameters - should throw exceptions" time="0.023">
    </testcase>
    <testcase classname="Matrix should throw exceptions if wrong parameters are passed to setupMatrix" name="Matrix should throw exceptions if wrong parameters are passed to setupMatrix" time="0.002">
    </testcase>
    <testcase classname="Matrix check the getters and setters" name="Matrix check the getters and setters" time="0.002">
    </testcase>
    <testcase classname="Matrix check addRow" name="Matrix check addRow" time="0.004">
    </testcase>
    <testcase classname="Matrix check addColumn" name="Matrix check addColumn" time="0.002">
    </testcase>
    <testcase classname="Matrix check lookForValue" name="Matrix check lookForValue" time="0">
    </testcase>
    <testcase classname="Matrix check insertRowAt and getRowAt" name="Matrix check insertRowAt and getRowAt" time="0.003">
    </testcase>
    <testcase classname="Matrix check insertColumnAt and getColumnAt" name="Matrix check insertColumnAt and getColumnAt" time="0.008">
    </testcase>
    <testcase classname="Matrix check removeRowAt and removeColumnAt" name="Matrix check removeRowAt and removeColumnAt" time="0.001">
    </testcase>
    <testcase classname="Matrix check replaceRowAt and replaceColumnAt" name="Matrix check replaceRowAt and replaceColumnAt" time="0.001">
    </testcase>
    <testcase classname="Matrix check clone" name="Matrix check clone" time="0.001">
    </testcase>
    <testcase classname="Matrix check rows, columns and elements iterators" name="Matrix check rows, columns and elements iterators" time="0.002">
    </testcase>
  </testsuite>
</testsuites>