<?xml version="1.0" ?>
<!DOCTYPE coverage SYSTEM "http://cobertura.sourceforge.net/xml/coverage-04.dtd">
<coverage lines-valid="259" lines-covered="259" line-rate="1" branches-valid="226" branches-covered="224" branch-rate="0.9911" timestamp="1766964101502" complexity="0" version="0.1">
  <sources>
    <source>C:\Danilo\Github\DanMatrix</source>
  </sources>
  <packages>
    <package name="src" line-rate="1" branch-rate="0.9904000000000001">
      <classes>
        <class name="coordinates.ts" filename="src\coordinates.ts" line-rate="1" branch-rate="1">
          <methods>
            <method name="(anonymous_0)" hits="15" signature="()V">
              <lines>
                <line number="20" hits="15"/>
              </lines>
            </method>
            <method name="(anonymous_1)" hits="11" signature="()V">
              <lines>
                <line number="30" hits="11"/>
              </lines>
            </method>
            <method name="(anonymous_2)" hits="57" signature="()V">
              <lines>
                <line number="45" hits="57"/>
              </lines>
            </method>
            <method name="(anonymous_3)" hits="33" signature="()V">
              <lines>
                <line number="69" hits="33"/>
              </lines>
            </method>
            <method name="(anonymous_4)" hits="36" signature="()V">
              <lines>
                <line number="76" hits="36"/>
              </lines>
            </method>
            <method name="(anonymous_5)" hits="16" signature="()V">
              <lines>
                <line number="94" hits="16"/>
              </lines>
            </method>
            <method name="(anonymous_6)" hits="17" signature="()V">
              <lines>
                <line number="116" hits="17"/>
              </lines>
            </method>
            <method name="(anonymous_7)" hits="13" signature="()V">
              <lines>
                <line number="131" hits="13"/>
              </lines>
            </method>
            <method name="(anonymous_8)" hits="11" signature="()V">
              <lines>
                <line number="148" hits="11"/>
              </lines>
            </method>
            <method name="(anonymous_9)" hits="13" signature="()V">
              <lines>
                <line number="158" hits="13"/>
              </lines>
            </method>
            <method name="(anonymous_10)" hits="11" signature="()V">
              <lines>
                <line number="171" hits="11"/>
              </lines>
            </method>
            <method name="(anonymous_11)" hits="16" signature="()V">
              <lines>
                <line number="181" hits="16"/>
              </lines>
            </method>
            <method name="(anonymous_12)" hits="4" signature="()V">
              <lines>
                <line number="195" hits="4"/>
              </lines>
            </method>
            <method name="(anonymous_13)" hits="2" signature="()V">
              <lines>
                <line number="203" hits="2"/>
              </lines>
            </method>
          </methods>
          <lines>
            <line number="1" hits="4" branch="false"/>
            <line number="6" hits="4" branch="false"/>
            <line number="21" hits="15" branch="false"/>
            <line number="22" hits="15" branch="false"/>
            <line number="31" hits="11" branch="false"/>
            <line number="32" hits="11" branch="true" condition-coverage="100% (4/4)"/>
            <line number="33" hits="4" branch="false"/>
            <line number="46" hits="57" branch="true" condition-coverage="100% (2/2)"/>
            <line number="53" hits="6" branch="false"/>
            <line number="55" hits="51" branch="false"/>
            <line number="56" hits="51" branch="true" condition-coverage="100% (4/4)"/>
            <line number="57" hits="37" branch="false"/>
            <line number="59" hits="14" branch="false"/>
            <line number="70" hits="33" branch="true" condition-coverage="100% (2/2)"/>
            <line number="71" hits="12" branch="false"/>
            <line number="73" hits="21" branch="true" condition-coverage="100% (5/5)"/>
            <line number="74" hits="2" branch="false"/>
            <line number="76" hits="36" branch="true" condition-coverage="100% (4/4)"/>
            <line number="77" hits="19" branch="true" condition-coverage="100% (2/2)"/>
            <line number="78" hits="2" branch="false"/>
            <line number="80" hits="17" branch="true" condition-coverage="100% (6/6)"/>
            <line number="81" hits="8" branch="false"/>
            <line number="83" hits="9" branch="false"/>
            <line number="95" hits="16" branch="true" condition-coverage="100% (4/4)"/>
            <line number="96" hits="7" branch="false"/>
            <line number="98" hits="9" branch="true" condition-coverage="100% (5/5)"/>
            <line number="99" hits="1" branch="false"/>
            <line number="101" hits="8" branch="false"/>
            <line number="102" hits="8" branch="false"/>
            <line number="103" hits="8" branch="true" condition-coverage="100% (4/4)"/>
            <line number="104" hits="4" branch="false"/>
            <line number="106" hits="4" branch="true" condition-coverage="100% (4/4)"/>
            <line number="117" hits="17" branch="false"/>
            <line number="118" hits="17" branch="true" condition-coverage="100% (2/2)"/>
            <line number="119" hits="12" branch="false"/>
            <line number="121" hits="5" branch="false"/>
            <line number="122" hits="5" branch="false"/>
            <line number="132" hits="13" branch="true" condition-coverage="100% (4/4)"/>
            <line number="133" hits="7" branch="false"/>
            <line number="135" hits="6" branch="false"/>
            <line number="136" hits="6" branch="false"/>
            <line number="137" hits="6" branch="true" condition-coverage="100% (4/4)"/>
            <line number="138" hits="4" branch="false"/>
            <line number="140" hits="2" branch="false"/>
            <line number="141" hits="2" branch="false"/>
            <line number="149" hits="11" branch="false"/>
            <line number="159" hits="13" branch="false"/>
            <line number="160" hits="13" branch="true" condition-coverage="100% (2/2)"/>
            <line number="161" hits="4" branch="false"/>
            <line number="163" hits="9" branch="false"/>
            <line number="164" hits="9" branch="false"/>
            <line number="172" hits="11" branch="false"/>
            <line number="182" hits="16" branch="false"/>
            <line number="183" hits="16" branch="true" condition-coverage="100% (2/2)"/>
            <line number="184" hits="8" branch="false"/>
            <line number="186" hits="8" branch="false"/>
            <line number="187" hits="8" branch="false"/>
            <line number="196" hits="4" branch="true" condition-coverage="100% (4/4)"/>
            <line number="204" hits="2" branch="false"/>
          </lines>
        </class>
        <class name="danMatrix.ts" filename="src\danMatrix.ts" line-rate="1" branch-rate="0.9854">
          <methods>
            <method name="(anonymous_1)" hits="58" signature="()V">
              <lines>
                <line number="24" hits="58"/>
              </lines>
            </method>
            <method name="(anonymous_2)" hits="75" signature="()V">
              <lines>
                <line number="34" hits="75"/>
              </lines>
            </method>
            <method name="(anonymous_3)" hits="54" signature="()V">
              <lines>
                <line number="51" hits="54"/>
              </lines>
            </method>
            <method name="(anonymous_4)" hits="1" signature="()V">
              <lines>
                <line number="61" hits="1"/>
              </lines>
            </method>
            <method name="(anonymous_5)" hits="19" signature="()V">
              <lines>
                <line number="71" hits="19"/>
              </lines>
            </method>
            <method name="(anonymous_6)" hits="82" signature="()V">
              <lines>
                <line number="98" hits="82"/>
              </lines>
            </method>
            <method name="(anonymous_7)" hits="125" signature="()V">
              <lines>
                <line number="106" hits="125"/>
              </lines>
            </method>
            <method name="(anonymous_8)" hits="55" signature="()V">
              <lines>
                <line number="119" hits="55"/>
              </lines>
            </method>
            <method name="(anonymous_9)" hits="9" signature="()V">
              <lines>
                <line number="130" hits="9"/>
              </lines>
            </method>
            <method name="(anonymous_10)" hits="21" signature="()V">
              <lines>
                <line number="145" hits="21"/>
              </lines>
            </method>
            <method name="(anonymous_11)" hits="38" signature="()V">
              <lines>
                <line number="149" hits="38"/>
              </lines>
            </method>
            <method name="(anonymous_12)" hits="4" signature="()V">
              <lines>
                <line number="164" hits="4"/>
              </lines>
            </method>
            <method name="(anonymous_13)" hits="5" signature="()V">
              <lines>
                <line number="168" hits="5"/>
              </lines>
            </method>
            <method name="(anonymous_14)" hits="6" signature="()V">
              <lines>
                <line number="181" hits="6"/>
              </lines>
            </method>
            <method name="(anonymous_15)" hits="8" signature="()V">
              <lines>
                <line number="198" hits="8"/>
              </lines>
            </method>
            <method name="(anonymous_16)" hits="6" signature="()V">
              <lines>
                <line number="223" hits="6"/>
              </lines>
            </method>
            <method name="(anonymous_17)" hits="56" signature="()V">
              <lines>
                <line number="243" hits="56"/>
              </lines>
            </method>
            <method name="(anonymous_18)" hits="7" signature="()V">
              <lines>
                <line number="260" hits="7"/>
              </lines>
            </method>
            <method name="(anonymous_19)" hits="32" signature="()V">
              <lines>
                <line number="283" hits="32"/>
              </lines>
            </method>
            <method name="(anonymous_20)" hits="8" signature="()V">
              <lines>
                <line number="304" hits="8"/>
              </lines>
            </method>
            <method name="(anonymous_21)" hits="6" signature="()V">
              <lines>
                <line number="339" hits="6"/>
              </lines>
            </method>
            <method name="(anonymous_22)" hits="6" signature="()V">
              <lines>
                <line number="357" hits="6"/>
              </lines>
            </method>
            <method name="(anonymous_23)" hits="5" signature="()V">
              <lines>
                <line number="380" hits="5"/>
              </lines>
            </method>
            <method name="(anonymous_24)" hits="5" signature="()V">
              <lines>
                <line number="406" hits="5"/>
              </lines>
            </method>
            <method name="(anonymous_25)" hits="1" signature="()V">
              <lines>
                <line number="426" hits="1"/>
              </lines>
            </method>
            <method name="(anonymous_26)" hits="1" signature="()V">
              <lines>
                <line number="434" hits="1"/>
              </lines>
            </method>
          </methods>
          <lines>
            <line number="2" hits="4" branch="false"/>
            <line number="4" hits="4" branch="false"/>
            <line number="10" hits="4" branch="false"/>
            <line number="25" hits="58" branch="false"/>
            <line number="35" hits="75" branch="false"/>
            <line number="36" hits="75" branch="true" condition-coverage="100% (2/2)"/>
            <line number="37" hits="53" branch="true" condition-coverage="100% (2/2)"/>
            <line number="39" hits="38" branch="false"/>
            <line number="40" hits="109" branch="true" condition-coverage="100% (6/6)"/>
            <line number="41" hits="4" branch="false"/>
            <line number="43" hits="105" branch="false"/>
            <line number="44" hits="105" branch="false"/>
            <line number="47" hits="15" branch="true" condition-coverage="100% (6/6)"/>
            <line number="48" hits="6" branch="false"/>
            <line number="50" hits="9" branch="false"/>
            <line number="51" hits="54" branch="false"/>
            <line number="62" hits="1" branch="false"/>
            <line number="63" hits="1" branch="false"/>
            <line number="72" hits="19" branch="false"/>
            <line number="73" hits="19" branch="false"/>
            <line number="74" hits="71" branch="false"/>
            <line number="75" hits="71" branch="false"/>
            <line number="76" hits="71" branch="false"/>
            <line number="77" hits="352" branch="false"/>
            <line number="78" hits="352" branch="true" condition-coverage="75% (3/4)"/>
            <line number="79" hits="352" branch="false"/>
            <line number="80" hits="352" branch="true" condition-coverage="50% (1/2)"/>
            <line number="81" hits="352" branch="false"/>
            <line number="84" hits="352" branch="false"/>
            <line number="86" hits="71" branch="true" condition-coverage="100% (2/2)"/>
            <line number="87" hits="19" branch="false"/>
            <line number="89" hits="71" branch="false"/>
            <line number="91" hits="19" branch="false"/>
            <line number="99" hits="82" branch="false"/>
            <line number="107" hits="125" branch="true" condition-coverage="100% (2/2)"/>
            <line number="108" hits="1" branch="false"/>
            <line number="110" hits="124" branch="false"/>
            <line number="120" hits="55" branch="true" condition-coverage="100% (4/4)"/>
            <line number="131" hits="9" branch="true" condition-coverage="100% (4/4)"/>
            <line number="132" hits="3" branch="false"/>
            <line number="134" hits="6" branch="false"/>
            <line number="135" hits="6" branch="false"/>
            <line number="146" hits="21" branch="true" condition-coverage="100% (2/2)"/>
            <line number="147" hits="1" branch="false"/>
            <line number="149" hits="38" branch="false"/>
            <line number="150" hits="20" branch="true" condition-coverage="100% (2/2)"/>
            <line number="151" hits="2" branch="false"/>
            <line number="153" hits="18" branch="false"/>
            <line number="165" hits="4" branch="true" condition-coverage="100% (2/2)"/>
            <line number="166" hits="1" branch="false"/>
            <line number="168" hits="5" branch="false"/>
            <line number="169" hits="3" branch="true" condition-coverage="100% (2/2)"/>
            <line number="170" hits="1" branch="false"/>
            <line number="172" hits="2" branch="false"/>
            <line number="182" hits="6" branch="true" condition-coverage="100% (4/4)"/>
            <line number="183" hits="1" branch="false"/>
            <line number="185" hits="5" branch="true" condition-coverage="100% (4/4)"/>
            <line number="186" hits="1" branch="false"/>
            <line number="188" hits="4" branch="false"/>
            <line number="189" hits="4" branch="false"/>
            <line number="199" hits="8" branch="true" condition-coverage="100% (4/4)"/>
            <line number="200" hits="1" branch="false"/>
            <line number="202" hits="7" branch="true" condition-coverage="100% (2/2)"/>
            <line number="203" hits="5" branch="true" condition-coverage="100% (2/2)"/>
            <line number="204" hits="1" branch="false"/>
            <line number="206" hits="4" branch="false"/>
            <line number="207" hits="10" branch="false"/>
            <line number="208" hits="10" branch="false"/>
            <line number="211" hits="2" branch="false"/>
            <line number="212" hits="7" branch="false"/>
            <line number="215" hits="6" branch="false"/>
            <line number="224" hits="6" branch="false"/>
            <line number="225" hits="6" branch="false"/>
            <line number="226" hits="14" branch="false"/>
            <line number="227" hits="14" branch="false"/>
            <line number="228" hits="64" branch="false"/>
            <line number="229" hits="64" branch="true" condition-coverage="100% (2/2)"/>
            <line number="230" hits="8" branch="false"/>
            <line number="234" hits="6" branch="false"/>
            <line number="244" hits="56" branch="true" condition-coverage="100% (4/4)"/>
            <line number="245" hits="1" branch="false"/>
            <line number="247" hits="55" branch="true" condition-coverage="100% (2/2)"/>
            <line number="248" hits="2" branch="false"/>
            <line number="250" hits="53" branch="false"/>
            <line number="261" hits="7" branch="true" condition-coverage="100% (6/6)"/>
            <line number="262" hits="1" branch="false"/>
            <line number="264" hits="6" branch="true" condition-coverage="100% (2/2)"/>
            <line number="265" hits="1" branch="false"/>
            <line number="267" hits="5" branch="true" condition-coverage="100% (2/2)"/>
            <line number="268" hits="1" branch="false"/>
            <line number="270" hits="4" branch="true" condition-coverage="100% (2/2)"/>
            <line number="271" hits="1" branch="false"/>
            <line number="273" hits="3" branch="false"/>
            <line number="274" hits="3" branch="false"/>
            <line number="284" hits="32" branch="true" condition-coverage="100% (4/4)"/>
            <line number="285" hits="1" branch="false"/>
            <line number="287" hits="31" branch="true" condition-coverage="100% (2/2)"/>
            <line number="288" hits="1" branch="false"/>
            <line number="290" hits="30" branch="false"/>
            <line number="291" hits="30" branch="false"/>
            <line number="292" hits="89" branch="false"/>
            <line number="294" hits="30" branch="false"/>
            <line number="305" hits="8" branch="true" condition-coverage="100% (6/6)"/>
            <line number="306" hits="1" branch="false"/>
            <line number="308" hits="7" branch="true" condition-coverage="100% (2/2)"/>
            <line number="309" hits="5" branch="true" condition-coverage="100% (2/2)"/>
            <line number="310" hits="1" branch="false"/>
            <line number="312" hits="4" branch="true" condition-coverage="100% (2/2)"/>
            <line number="313" hits="1" branch="false"/>
            <line number="314" hits="3" branch="true" condition-coverage="100% (2/2)"/>
            <line number="315" hits="1" branch="false"/>
            <line number="317" hits="2" branch="false"/>
            <line number="318" hits="4" branch="false"/>
            <line number="319" hits="4" branch="false"/>
            <line number="323" hits="2" branch="true" condition-coverage="100% (2/2)"/>
            <line number="324" hits="1" branch="false"/>
            <line number="326" hits="1" branch="false"/>
            <line number="329" hits="2" branch="false"/>
            <line number="340" hits="6" branch="true" condition-coverage="100% (4/4)"/>
            <line number="341" hits="1" branch="false"/>
            <line number="343" hits="5" branch="true" condition-coverage="100% (2/2)"/>
            <line number="344" hits="1" branch="false"/>
            <line number="346" hits="4" branch="false"/>
            <line number="347" hits="4" branch="false"/>
            <line number="358" hits="6" branch="true" condition-coverage="100% (4/4)"/>
            <line number="359" hits="1" branch="false"/>
            <line number="361" hits="5" branch="true" condition-coverage="100% (4/4)"/>
            <line number="362" hits="1" branch="false"/>
            <line number="364" hits="4" branch="false"/>
            <line number="365" hits="17" branch="false"/>
            <line number="366" hits="17" branch="false"/>
            <line number="368" hits="4" branch="false"/>
            <line number="381" hits="5" branch="true" condition-coverage="100% (6/6)"/>
            <line number="382" hits="1" branch="false"/>
            <line number="384" hits="4" branch="true" condition-coverage="100% (2/2)"/>
            <line number="385" hits="2" branch="false"/>
            <line number="387" hits="2" branch="false"/>
            <line number="388" hits="2" branch="true" condition-coverage="100% (2/2)"/>
            <line number="389" hits="1" branch="false"/>
            <line number="391" hits="1" branch="false"/>
            <line number="392" hits="6" branch="false"/>
            <line number="394" hits="1" branch="false"/>
            <line number="407" hits="5" branch="true" condition-coverage="100% (6/6)"/>
            <line number="408" hits="1" branch="false"/>
            <line number="410" hits="4" branch="true" condition-coverage="100% (2/2)"/>
            <line number="411" hits="2" branch="false"/>
            <line number="413" hits="2" branch="true" condition-coverage="100% (2/2)"/>
            <line number="414" hits="1" branch="false"/>
            <line number="416" hits="1" branch="false"/>
            <line number="417" hits="6" branch="false"/>
            <line number="419" hits="1" branch="false"/>
            <line number="427" hits="1" branch="false"/>
            <line number="435" hits="1" branch="false"/>
          </lines>
        </class>
        <class name="index.ts" filename="src\index.ts" line-rate="1" branch-rate="1">
          <methods>
            <method name="(anonymous_0)" hits="79" signature="()V">
              <lines>
                <line number="1" hits="79"/>
              </lines>
            </method>
            <method name="(anonymous_1)" hits="1" signature="()V">
              <lines>
                <line number="3" hits="1"/>
              </lines>
            </method>
            <method name="(anonymous_2)" hits="1" signature="()V">
              <lines>
                <line number="3" hits="1"/>
              </lines>
            </method>
            <method name="(anonymous_3)" hits="70" signature="()V">
              <lines>
                <line number="4" hits="70"/>
              </lines>
            </method>
          </methods>
          <lines>
            <line number="1" hits="83" branch="false"/>
            <line number="3" hits="5" branch="false"/>
            <line number="4" hits="74" branch="false"/>
          </lines>
        </class>
      </classes>
    </package>
    <package name="src.iterators" line-rate="1" branch-rate="1">
      <classes>
        <class name="danMatrixColumnsIterator.ts" filename="src\iterators\danMatrixColumnsIterator.ts" line-rate="1" branch-rate="1">
          <methods>
            <method name="(anonymous_0)" hits="11" signature="()V">
              <lines>
                <line number="16" hits="11"/>
              </lines>
            </method>
            <method name="(anonymous_1)" hits="6" signature="()V">
              <lines>
                <line number="27" hits="6"/>
              </lines>
            </method>
            <method name="(anonymous_2)" hits="7" signature="()V">
              <lines>
                <line number="35" hits="7"/>
              </lines>
            </method>
            <method name="(anonymous_3)" hits="17" signature="()V">
              <lines>
                <line number="47" hits="17"/>
              </lines>
            </method>
            <method name="(anonymous_4)" hits="22" signature="()V">
              <lines>
                <line number="59" hits="22"/>
              </lines>
            </method>
            <method name="(anonymous_5)" hits="1" signature="()V">
              <lines>
                <line number="66" hits="1"/>
              </lines>
            </method>
            <method name="(anonymous_6)" hits="2" signature="()V">
              <lines>
                <line number="75" hits="2"/>
              </lines>
            </method>
            <method name="(anonymous_7)" hits="12" signature="()V">
              <lines>
                <line number="79" hits="12"/>
              </lines>
            </method>
          </methods>
          <lines>
            <line number="1" hits="4" branch="false"/>
            <line number="6" hits="4" branch="false"/>
            <line number="17" hits="11" branch="true" condition-coverage="100% (2/2)"/>
            <line number="18" hits="6" branch="false"/>
            <line number="20" hits="5" branch="false"/>
            <line number="21" hits="5" branch="false"/>
            <line number="28" hits="6" branch="false"/>
            <line number="37" hits="7" branch="true" condition-coverage="100% (2/2)"/>
            <line number="38" hits="3" branch="false"/>
            <line number="40" hits="4" branch="false"/>
            <line number="49" hits="17" branch="true" condition-coverage="100% (2/2)"/>
            <line number="50" hits="3" branch="false"/>
            <line number="52" hits="14" branch="false"/>
            <line number="60" hits="22" branch="false"/>
            <line number="67" hits="1" branch="false"/>
            <line number="76" hits="2" branch="false"/>
            <line number="78" hits="2" branch="false"/>
            <line number="80" hits="12" branch="false"/>
            <line number="81" hits="12" branch="true" condition-coverage="100% (2/2)"/>
            <line number="82" hits="2" branch="false"/>
            <line number="87" hits="10" branch="false"/>
          </lines>
        </class>
        <class name="danMatrixRowsIterator.ts" filename="src\iterators\danMatrixRowsIterator.ts" line-rate="1" branch-rate="1">
          <methods>
            <method name="(anonymous_0)" hits="11" signature="()V">
              <lines>
                <line number="16" hits="11"/>
              </lines>
            </method>
            <method name="(anonymous_1)" hits="6" signature="()V">
              <lines>
                <line number="27" hits="6"/>
              </lines>
            </method>
            <method name="(anonymous_2)" hits="9" signature="()V">
              <lines>
                <line number="35" hits="9"/>
              </lines>
            </method>
            <method name="(anonymous_3)" hits="21" signature="()V">
              <lines>
                <line number="47" hits="21"/>
              </lines>
            </method>
            <method name="(anonymous_4)" hits="28" signature="()V">
              <lines>
                <line number="59" hits="28"/>
              </lines>
            </method>
            <method name="(anonymous_5)" hits="1" signature="()V">
              <lines>
                <line number="66" hits="1"/>
              </lines>
            </method>
            <method name="(anonymous_6)" hits="2" signature="()V">
              <lines>
                <line number="75" hits="2"/>
              </lines>
            </method>
            <method name="(anonymous_7)" hits="14" signature="()V">
              <lines>
                <line number="79" hits="14"/>
              </lines>
            </method>
          </methods>
          <lines>
            <line number="1" hits="4" branch="false"/>
            <line number="6" hits="4" branch="false"/>
            <line number="17" hits="11" branch="true" condition-coverage="100% (2/2)"/>
            <line number="18" hits="6" branch="false"/>
            <line number="20" hits="5" branch="false"/>
            <line number="21" hits="5" branch="false"/>
            <line number="28" hits="6" branch="false"/>
            <line number="37" hits="9" branch="true" condition-coverage="100% (2/2)"/>
            <line number="38" hits="3" branch="false"/>
            <line number="40" hits="6" branch="false"/>
            <line number="49" hits="21" branch="true" condition-coverage="100% (2/2)"/>
            <line number="50" hits="3" branch="false"/>
            <line number="52" hits="18" branch="false"/>
            <line number="60" hits="28" branch="false"/>
            <line number="67" hits="1" branch="false"/>
            <line number="76" hits="2" branch="false"/>
            <line number="78" hits="2" branch="false"/>
            <line number="80" hits="14" branch="false"/>
            <line number="81" hits="14" branch="true" condition-coverage="100% (2/2)"/>
            <line number="82" hits="2" branch="false"/>
            <line number="87" hits="12" branch="false"/>
          </lines>
        </class>
        <class name="index.ts" filename="src\iterators\index.ts" line-rate="1" branch-rate="1">
          <methods>
            <method name="(anonymous_0)" hits="11" signature="()V">
              <lines>
                <line number="1" hits="11"/>
              </lines>
            </method>
            <method name="(anonymous_1)" hits="11" signature="()V">
              <lines>
                <line number="2" hits="11"/>
              </lines>
            </method>
          </methods>
          <lines>
            <line number="1" hits="15" branch="false"/>
            <line number="2" hits="15" branch="false"/>
          </lines>
        </class>
      </classes>
    </package>
  </packages>
</coverage>
