<?xml version="1.0" ?>
<!DOCTYPE coverage SYSTEM "http://cobertura.sourceforge.net/xml/coverage-04.dtd">
<coverage lines-valid="290" lines-covered="289" line-rate="0.9965" branches-valid="226" branches-covered="223" branch-rate="0.9867" timestamp="1767117370476" complexity="0" version="0.1">
  <sources>
    <source>C:\Danilo\Github\DanMatrix</source>
  </sources>
  <packages>
    <package name="src" line-rate="1" branch-rate="0.9895999999999999">
      <classes>
        <class name="coordinates.ts" filename="src\coordinates.ts" line-rate="1" branch-rate="1">
          <methods>
            <method name="(anonymous_0)" hits="184" signature="()V">
              <lines>
                <line number="20" hits="184"/>
              </lines>
            </method>
            <method name="(anonymous_1)" hits="180" signature="()V">
              <lines>
                <line number="30" hits="180"/>
              </lines>
            </method>
            <method name="(anonymous_2)" hits="649" signature="()V">
              <lines>
                <line number="45" hits="649"/>
              </lines>
            </method>
            <method name="(anonymous_3)" hits="52" signature="()V">
              <lines>
                <line number="69" hits="52"/>
              </lines>
            </method>
            <method name="(anonymous_4)" hits="74" signature="()V">
              <lines>
                <line number="76" hits="74"/>
              </lines>
            </method>
            <method name="(anonymous_5)" hits="16" signature="()V">
              <lines>
                <line number="94" hits="16"/>
              </lines>
            </method>
            <method name="(anonymous_6)" hits="36" signature="()V">
              <lines>
                <line number="116" hits="36"/>
              </lines>
            </method>
            <method name="(anonymous_7)" hits="140" signature="()V">
              <lines>
                <line number="131" hits="140"/>
              </lines>
            </method>
            <method name="(anonymous_8)" hits="237" signature="()V">
              <lines>
                <line number="148" hits="237"/>
              </lines>
            </method>
            <method name="(anonymous_9)" hits="182" signature="()V">
              <lines>
                <line number="158" hits="182"/>
              </lines>
            </method>
            <method name="(anonymous_10)" hits="228" signature="()V">
              <lines>
                <line number="171" hits="228"/>
              </lines>
            </method>
            <method name="(anonymous_11)" hits="185" signature="()V">
              <lines>
                <line number="181" hits="185"/>
              </lines>
            </method>
            <method name="(anonymous_12)" hits="15" signature="()V">
              <lines>
                <line number="195" hits="15"/>
              </lines>
            </method>
            <method name="(anonymous_13)" hits="14" signature="()V">
              <lines>
                <line number="203" hits="14"/>
              </lines>
            </method>
          </methods>
          <lines>
            <line number="1" hits="5" branch="false"/>
            <line number="6" hits="5" branch="false"/>
            <line number="21" hits="184" branch="false"/>
            <line number="22" hits="184" branch="false"/>
            <line number="31" hits="180" branch="false"/>
            <line number="32" hits="180" branch="true" condition-coverage="100% (4/4)"/>
            <line number="33" hits="4" branch="false"/>
            <line number="46" hits="649" branch="true" condition-coverage="100% (2/2)"/>
            <line number="53" hits="6" branch="false"/>
            <line number="55" hits="643" branch="false"/>
            <line number="56" hits="643" branch="true" condition-coverage="100% (4/4)"/>
            <line number="57" hits="629" branch="false"/>
            <line number="59" hits="14" branch="false"/>
            <line number="70" hits="52" branch="true" condition-coverage="100% (2/2)"/>
            <line number="71" hits="12" branch="false"/>
            <line number="73" hits="40" branch="true" condition-coverage="100% (5/5)"/>
            <line number="74" hits="2" branch="false"/>
            <line number="76" hits="74" branch="true" condition-coverage="100% (2/2)"/>
            <line number="77" hits="38" branch="true" condition-coverage="100% (2/2)"/>
            <line number="78" hits="2" branch="false"/>
            <line number="80" hits="36" branch="true" condition-coverage="100% (6/6)"/>
            <line number="81" hits="8" branch="false"/>
            <line number="83" hits="28" branch="false"/>
            <line number="95" hits="16" branch="true" condition-coverage="100% (4/4)"/>
            <line number="96" hits="7" branch="false"/>
            <line number="98" hits="9" branch="true" condition-coverage="100% (5/5)"/>
            <line number="99" hits="1" branch="false"/>
            <line number="101" hits="8" branch="false"/>
            <line number="102" hits="8" branch="false"/>
            <line number="103" hits="8" branch="true" condition-coverage="100% (4/4)"/>
            <line number="104" hits="4" branch="false"/>
            <line number="106" hits="4" branch="true" condition-coverage="100% (2/2)"/>
            <line number="117" hits="36" branch="false"/>
            <line number="118" hits="36" branch="true" condition-coverage="100% (2/2)"/>
            <line number="119" hits="12" branch="false"/>
            <line number="121" hits="24" branch="false"/>
            <line number="122" hits="24" branch="false"/>
            <line number="132" hits="140" branch="true" condition-coverage="100% (4/4)"/>
            <line number="133" hits="7" branch="false"/>
            <line number="135" hits="133" branch="false"/>
            <line number="136" hits="133" branch="false"/>
            <line number="137" hits="133" branch="true" condition-coverage="100% (4/4)"/>
            <line number="138" hits="4" branch="false"/>
            <line number="140" hits="129" branch="false"/>
            <line number="141" hits="129" branch="false"/>
            <line number="149" hits="237" branch="false"/>
            <line number="159" hits="182" branch="false"/>
            <line number="160" hits="182" branch="true" condition-coverage="100% (2/2)"/>
            <line number="161" hits="4" branch="false"/>
            <line number="163" hits="178" branch="false"/>
            <line number="164" hits="178" branch="false"/>
            <line number="172" hits="228" branch="false"/>
            <line number="182" hits="185" branch="false"/>
            <line number="183" hits="185" branch="true" condition-coverage="100% (2/2)"/>
            <line number="184" hits="8" branch="false"/>
            <line number="186" hits="177" branch="false"/>
            <line number="187" hits="177" branch="false"/>
            <line number="196" hits="15" branch="true" condition-coverage="100% (2/2)"/>
            <line number="204" hits="14" branch="false"/>
          </lines>
        </class>
        <class name="danMatrix.ts" filename="src\danMatrix.ts" line-rate="1" branch-rate="0.9842">
          <methods>
            <method name="(anonymous_1)" hits="62" signature="()V">
              <lines>
                <line number="36" hits="62"/>
              </lines>
            </method>
            <method name="(anonymous_2)" hits="79" signature="()V">
              <lines>
                <line number="46" hits="79"/>
              </lines>
            </method>
            <method name="(anonymous_3)" hits="60" signature="()V">
              <lines>
                <line number="63" hits="60"/>
              </lines>
            </method>
            <method name="(anonymous_4)" hits="1" signature="()V">
              <lines>
                <line number="73" hits="1"/>
              </lines>
            </method>
            <method name="(anonymous_5)" hits="19" signature="()V">
              <lines>
                <line number="83" hits="19"/>
              </lines>
            </method>
            <method name="(anonymous_6)" hits="217" signature="()V">
              <lines>
                <line number="110" hits="217"/>
              </lines>
            </method>
            <method name="(anonymous_7)" hits="250" signature="()V">
              <lines>
                <line number="118" hits="250"/>
              </lines>
            </method>
            <method name="(anonymous_8)" hits="41" signature="()V">
              <lines>
                <line number="129" hits="41"/>
              </lines>
            </method>
            <method name="(anonymous_9)" hits="216" signature="()V">
              <lines>
                <line number="138" hits="216"/>
              </lines>
            </method>
            <method name="(anonymous_10)" hits="10" signature="()V">
              <lines>
                <line number="151" hits="10"/>
              </lines>
            </method>
            <method name="(anonymous_11)" hits="6" signature="()V">
              <lines>
                <line number="170" hits="6"/>
              </lines>
            </method>
            <method name="(anonymous_12)" hits="8" signature="()V">
              <lines>
                <line number="187" hits="8"/>
              </lines>
            </method>
            <method name="(anonymous_13)" hits="6" signature="()V">
              <lines>
                <line number="212" hits="6"/>
              </lines>
            </method>
            <method name="(anonymous_14)" hits="56" signature="()V">
              <lines>
                <line number="232" hits="56"/>
              </lines>
            </method>
            <method name="(anonymous_15)" hits="7" signature="()V">
              <lines>
                <line number="249" hits="7"/>
              </lines>
            </method>
            <method name="(anonymous_16)" hits="32" signature="()V">
              <lines>
                <line number="272" hits="32"/>
              </lines>
            </method>
            <method name="(anonymous_17)" hits="8" signature="()V">
              <lines>
                <line number="293" hits="8"/>
              </lines>
            </method>
            <method name="(anonymous_18)" hits="6" signature="()V">
              <lines>
                <line number="328" hits="6"/>
              </lines>
            </method>
            <method name="(anonymous_19)" hits="6" signature="()V">
              <lines>
                <line number="346" hits="6"/>
              </lines>
            </method>
            <method name="(anonymous_20)" hits="5" signature="()V">
              <lines>
                <line number="369" hits="5"/>
              </lines>
            </method>
            <method name="(anonymous_21)" hits="5" signature="()V">
              <lines>
                <line number="395" hits="5"/>
              </lines>
            </method>
            <method name="(anonymous_22)" hits="1" signature="()V">
              <lines>
                <line number="415" hits="1"/>
              </lines>
            </method>
            <method name="(anonymous_23)" hits="1" signature="()V">
              <lines>
                <line number="423" hits="1"/>
              </lines>
            </method>
            <method name="(anonymous_24)" hits="1" signature="()V">
              <lines>
                <line number="431" hits="1"/>
              </lines>
            </method>
          </methods>
          <lines>
            <line number="2" hits="5" branch="false"/>
            <line number="4" hits="5" branch="false"/>
            <line number="22" hits="5" branch="false"/>
            <line number="37" hits="62" branch="false"/>
            <line number="47" hits="79" branch="false"/>
            <line number="48" hits="79" branch="true" condition-coverage="100% (2/2)"/>
            <line number="49" hits="56" branch="true" condition-coverage="100% (2/2)"/>
            <line number="51" hits="40" branch="false"/>
            <line number="52" hits="117" branch="true" condition-coverage="100% (6/6)"/>
            <line number="53" hits="4" branch="false"/>
            <line number="55" hits="113" branch="false"/>
            <line number="56" hits="113" branch="false"/>
            <line number="59" hits="16" branch="true" condition-coverage="100% (6/6)"/>
            <line number="60" hits="6" branch="false"/>
            <line number="62" hits="10" branch="false"/>
            <line number="63" hits="60" branch="false"/>
            <line number="74" hits="1" branch="false"/>
            <line number="75" hits="1" branch="false"/>
            <line number="84" hits="19" branch="false"/>
            <line number="85" hits="19" branch="false"/>
            <line number="86" hits="71" branch="false"/>
            <line number="87" hits="71" branch="false"/>
            <line number="88" hits="71" branch="false"/>
            <line number="89" hits="352" branch="false"/>
            <line number="90" hits="352" branch="true" condition-coverage="75% (3/4)"/>
            <line number="91" hits="352" branch="false"/>
            <line number="92" hits="352" branch="true" condition-coverage="50% (1/2)"/>
            <line number="93" hits="352" branch="false"/>
            <line number="96" hits="352" branch="false"/>
            <line number="98" hits="71" branch="true" condition-coverage="100% (2/2)"/>
            <line number="99" hits="19" branch="false"/>
            <line number="101" hits="71" branch="false"/>
            <line number="103" hits="19" branch="false"/>
            <line number="111" hits="217" branch="false"/>
            <line number="119" hits="250" branch="true" condition-coverage="100% (2/2)"/>
            <line number="120" hits="2" branch="false"/>
            <line number="122" hits="248" branch="false"/>
            <line number="130" hits="41" branch="false"/>
            <line number="139" hits="216" branch="true" condition-coverage="100% (2/2)"/>
            <line number="140" hits="1" branch="false"/>
            <line number="142" hits="215" branch="false"/>
            <line number="152" hits="10" branch="true" condition-coverage="100% (2/2)"/>
            <line number="153" hits="1" branch="false"/>
            <line number="155" hits="9" branch="false"/>
            <line number="156" hits="9" branch="false"/>
            <line number="157" hits="9" branch="true" condition-coverage="100% (4/4)"/>
            <line number="158" hits="3" branch="false"/>
            <line number="160" hits="6" branch="false"/>
            <line number="161" hits="6" branch="false"/>
            <line number="171" hits="6" branch="true" condition-coverage="100% (4/4)"/>
            <line number="172" hits="1" branch="false"/>
            <line number="174" hits="5" branch="true" condition-coverage="100% (4/4)"/>
            <line number="175" hits="1" branch="false"/>
            <line number="177" hits="4" branch="false"/>
            <line number="178" hits="4" branch="false"/>
            <line number="188" hits="8" branch="true" condition-coverage="100% (4/4)"/>
            <line number="189" hits="1" branch="false"/>
            <line number="191" hits="7" branch="true" condition-coverage="100% (2/2)"/>
            <line number="192" hits="5" branch="true" condition-coverage="100% (2/2)"/>
            <line number="193" hits="1" branch="false"/>
            <line number="195" hits="4" branch="false"/>
            <line number="196" hits="10" branch="false"/>
            <line number="197" hits="10" branch="false"/>
            <line number="200" hits="2" branch="false"/>
            <line number="201" hits="7" branch="false"/>
            <line number="204" hits="6" branch="false"/>
            <line number="213" hits="6" branch="false"/>
            <line number="214" hits="6" branch="false"/>
            <line number="215" hits="14" branch="false"/>
            <line number="216" hits="14" branch="false"/>
            <line number="217" hits="64" branch="false"/>
            <line number="218" hits="64" branch="true" condition-coverage="100% (2/2)"/>
            <line number="219" hits="8" branch="false"/>
            <line number="223" hits="6" branch="false"/>
            <line number="233" hits="56" branch="true" condition-coverage="100% (4/4)"/>
            <line number="234" hits="1" branch="false"/>
            <line number="236" hits="55" branch="true" condition-coverage="100% (2/2)"/>
            <line number="237" hits="2" branch="false"/>
            <line number="239" hits="53" branch="false"/>
            <line number="250" hits="7" branch="true" condition-coverage="100% (6/6)"/>
            <line number="251" hits="1" branch="false"/>
            <line number="253" hits="6" branch="true" condition-coverage="100% (2/2)"/>
            <line number="254" hits="1" branch="false"/>
            <line number="256" hits="5" branch="true" condition-coverage="100% (2/2)"/>
            <line number="257" hits="1" branch="false"/>
            <line number="259" hits="4" branch="true" condition-coverage="100% (2/2)"/>
            <line number="260" hits="1" branch="false"/>
            <line number="262" hits="3" branch="false"/>
            <line number="263" hits="3" branch="false"/>
            <line number="273" hits="32" branch="true" condition-coverage="100% (4/4)"/>
            <line number="274" hits="1" branch="false"/>
            <line number="276" hits="31" branch="true" condition-coverage="100% (2/2)"/>
            <line number="277" hits="1" branch="false"/>
            <line number="279" hits="30" branch="false"/>
            <line number="280" hits="30" branch="false"/>
            <line number="281" hits="89" branch="false"/>
            <line number="283" hits="30" branch="false"/>
            <line number="294" hits="8" branch="true" condition-coverage="100% (6/6)"/>
            <line number="295" hits="1" branch="false"/>
            <line number="297" hits="7" branch="true" condition-coverage="100% (2/2)"/>
            <line number="298" hits="5" branch="true" condition-coverage="100% (2/2)"/>
            <line number="299" hits="1" branch="false"/>
            <line number="301" hits="4" branch="true" condition-coverage="100% (2/2)"/>
            <line number="302" hits="1" branch="false"/>
            <line number="303" hits="3" branch="true" condition-coverage="100% (2/2)"/>
            <line number="304" hits="1" branch="false"/>
            <line number="306" hits="2" branch="false"/>
            <line number="307" hits="4" branch="false"/>
            <line number="308" hits="4" branch="false"/>
            <line number="312" hits="2" branch="true" condition-coverage="100% (2/2)"/>
            <line number="313" hits="1" branch="false"/>
            <line number="315" hits="1" branch="false"/>
            <line number="318" hits="2" branch="false"/>
            <line number="329" hits="6" branch="true" condition-coverage="100% (4/4)"/>
            <line number="330" hits="1" branch="false"/>
            <line number="332" hits="5" branch="true" condition-coverage="100% (2/2)"/>
            <line number="333" hits="1" branch="false"/>
            <line number="335" hits="4" branch="false"/>
            <line number="336" hits="4" branch="false"/>
            <line number="347" hits="6" branch="true" condition-coverage="100% (4/4)"/>
            <line number="348" hits="1" branch="false"/>
            <line number="350" hits="5" branch="true" condition-coverage="100% (4/4)"/>
            <line number="351" hits="1" branch="false"/>
            <line number="353" hits="4" branch="false"/>
            <line number="354" hits="17" branch="false"/>
            <line number="355" hits="17" branch="false"/>
            <line number="357" hits="4" branch="false"/>
            <line number="370" hits="5" branch="true" condition-coverage="100% (6/6)"/>
            <line number="371" hits="1" branch="false"/>
            <line number="373" hits="4" branch="true" condition-coverage="100% (2/2)"/>
            <line number="374" hits="2" branch="false"/>
            <line number="376" hits="2" branch="false"/>
            <line number="377" hits="2" branch="true" condition-coverage="100% (2/2)"/>
            <line number="378" hits="1" branch="false"/>
            <line number="380" hits="1" branch="false"/>
            <line number="381" hits="6" branch="false"/>
            <line number="383" hits="1" branch="false"/>
            <line number="396" hits="5" branch="true" condition-coverage="100% (6/6)"/>
            <line number="397" hits="1" branch="false"/>
            <line number="399" hits="4" branch="true" condition-coverage="100% (2/2)"/>
            <line number="400" hits="2" branch="false"/>
            <line number="402" hits="2" branch="true" condition-coverage="100% (2/2)"/>
            <line number="403" hits="1" branch="false"/>
            <line number="405" hits="1" branch="false"/>
            <line number="406" hits="6" branch="false"/>
            <line number="408" hits="1" branch="false"/>
            <line number="416" hits="1" branch="false"/>
            <line number="424" hits="1" branch="false"/>
            <line number="432" hits="1" branch="false"/>
          </lines>
        </class>
        <class name="index.ts" filename="src\index.ts" line-rate="1" branch-rate="1">
          <methods>
            <method name="(anonymous_0)" hits="94" signature="()V">
              <lines>
                <line number="1" hits="94"/>
              </lines>
            </method>
            <method name="(anonymous_1)" hits="1" signature="()V">
              <lines>
                <line number="3" hits="1"/>
              </lines>
            </method>
            <method name="(anonymous_2)" hits="1" signature="()V">
              <lines>
                <line number="3" hits="1"/>
              </lines>
            </method>
            <method name="(anonymous_3)" hits="1" signature="()V">
              <lines>
                <line number="3" hits="1"/>
              </lines>
            </method>
            <method name="(anonymous_4)" hits="442" signature="()V">
              <lines>
                <line number="4" hits="442"/>
              </lines>
            </method>
          </methods>
          <lines>
            <line number="1" hits="99" branch="false"/>
            <line number="3" hits="6" branch="false"/>
            <line number="4" hits="447" branch="false"/>
          </lines>
        </class>
      </classes>
    </package>
    <package name="src.iterators" line-rate="0.9873000000000001" branch-rate="0.9687">
      <classes>
        <class name="danMatrixColumnsIterator.ts" filename="src\iterators\danMatrixColumnsIterator.ts" line-rate="1" branch-rate="1">
          <methods>
            <method name="(anonymous_0)" hits="11" signature="()V">
              <lines>
                <line number="16" hits="11"/>
              </lines>
            </method>
            <method name="(anonymous_1)" hits="6" signature="()V">
              <lines>
                <line number="27" hits="6"/>
              </lines>
            </method>
            <method name="(anonymous_2)" hits="7" signature="()V">
              <lines>
                <line number="35" hits="7"/>
              </lines>
            </method>
            <method name="(anonymous_3)" hits="17" signature="()V">
              <lines>
                <line number="47" hits="17"/>
              </lines>
            </method>
            <method name="(anonymous_4)" hits="22" signature="()V">
              <lines>
                <line number="59" hits="22"/>
              </lines>
            </method>
            <method name="(anonymous_5)" hits="1" signature="()V">
              <lines>
                <line number="66" hits="1"/>
              </lines>
            </method>
            <method name="(anonymous_6)" hits="2" signature="()V">
              <lines>
                <line number="75" hits="2"/>
              </lines>
            </method>
            <method name="(anonymous_7)" hits="12" signature="()V">
              <lines>
                <line number="79" hits="12"/>
              </lines>
            </method>
          </methods>
          <lines>
            <line number="1" hits="5" branch="false"/>
            <line number="6" hits="5" branch="false"/>
            <line number="17" hits="11" branch="true" condition-coverage="100% (2/2)"/>
            <line number="18" hits="6" branch="false"/>
            <line number="20" hits="5" branch="false"/>
            <line number="21" hits="5" branch="false"/>
            <line number="28" hits="6" branch="false"/>
            <line number="37" hits="7" branch="true" condition-coverage="100% (2/2)"/>
            <line number="38" hits="3" branch="false"/>
            <line number="40" hits="4" branch="false"/>
            <line number="49" hits="17" branch="true" condition-coverage="100% (2/2)"/>
            <line number="50" hits="3" branch="false"/>
            <line number="52" hits="14" branch="false"/>
            <line number="60" hits="22" branch="false"/>
            <line number="67" hits="1" branch="false"/>
            <line number="76" hits="2" branch="false"/>
            <line number="78" hits="2" branch="false"/>
            <line number="80" hits="12" branch="false"/>
            <line number="81" hits="12" branch="true" condition-coverage="100% (2/2)"/>
            <line number="82" hits="2" branch="false"/>
            <line number="87" hits="10" branch="false"/>
          </lines>
        </class>
        <class name="danMatrixElementsIterator.ts" filename="src\iterators\danMatrixElementsIterator.ts" line-rate="0.9704999999999999" branch-rate="0.9375">
          <methods>
            <method name="(anonymous_0)" hits="11" signature="()V">
              <lines>
                <line number="20" hits="11"/>
              </lines>
            </method>
            <method name="(anonymous_1)" hits="6" signature="()V">
              <lines>
                <line number="31" hits="6"/>
              </lines>
            </method>
            <method name="(anonymous_2)" hits="93" signature="()V">
              <lines>
                <line number="40" hits="93"/>
              </lines>
            </method>
            <method name="(anonymous_3)" hits="75" signature="()V">
              <lines>
                <line number="62" hits="75"/>
              </lines>
            </method>
            <method name="(anonymous_4)" hits="94" signature="()V">
              <lines>
                <line number="83" hits="94"/>
              </lines>
            </method>
            <method name="(anonymous_5)" hits="1" signature="()V">
              <lines>
                <line number="90" hits="1"/>
              </lines>
            </method>
            <method name="(anonymous_6)" hits="2" signature="()V">
              <lines>
                <line number="99" hits="2"/>
              </lines>
            </method>
            <method name="(anonymous_7)" hits="56" signature="()V">
              <lines>
                <line number="103" hits="56"/>
              </lines>
            </method>
          </methods>
          <lines>
            <line number="1" hits="5" branch="false"/>
            <line number="6" hits="5" branch="false"/>
            <line number="21" hits="11" branch="true" condition-coverage="100% (2/2)"/>
            <line number="22" hits="6" branch="false"/>
            <line number="24" hits="5" branch="false"/>
            <line number="25" hits="5" branch="false"/>
            <line number="32" hits="6" branch="false"/>
            <line number="33" hits="6" branch="false"/>
            <line number="42" hits="93" branch="true" condition-coverage="100% (2/2)"/>
            <line number="43" hits="3" branch="false"/>
            <line number="45" hits="90" branch="false"/>
            <line number="46" hits="90" branch="false"/>
            <line number="47" hits="90" branch="true" condition-coverage="50% (1/2)"/>
            <line number="48" hits="0" branch="false"/>
            <line number="50" hits="90" branch="false"/>
            <line number="55" hits="90" branch="false"/>
            <line number="64" hits="75" branch="true" condition-coverage="100% (2/2)"/>
            <line number="65" hits="3" branch="false"/>
            <line number="67" hits="72" branch="true" condition-coverage="100% (2/2)"/>
            <line number="68" hits="3" branch="false"/>
            <line number="69" hits="3" branch="false"/>
            <line number="70" hits="69" branch="true" condition-coverage="100% (2/2)"/>
            <line number="71" hits="54" branch="false"/>
            <line number="73" hits="15" branch="false"/>
            <line number="74" hits="15" branch="false"/>
            <line number="76" hits="72" branch="false"/>
            <line number="84" hits="94" branch="true" condition-coverage="100% (2/2)"/>
            <line number="91" hits="1" branch="false"/>
            <line number="100" hits="2" branch="false"/>
            <line number="102" hits="2" branch="false"/>
            <line number="104" hits="56" branch="false"/>
            <line number="105" hits="56" branch="true" condition-coverage="100% (2/2)"/>
            <line number="106" hits="2" branch="false"/>
            <line number="111" hits="54" branch="false"/>
          </lines>
        </class>
        <class name="danMatrixRowsIterator.ts" filename="src\iterators\danMatrixRowsIterator.ts" line-rate="1" branch-rate="1">
          <methods>
            <method name="(anonymous_0)" hits="11" signature="()V">
              <lines>
                <line number="16" hits="11"/>
              </lines>
            </method>
            <method name="(anonymous_1)" hits="6" signature="()V">
              <lines>
                <line number="27" hits="6"/>
              </lines>
            </method>
            <method name="(anonymous_2)" hits="9" signature="()V">
              <lines>
                <line number="35" hits="9"/>
              </lines>
            </method>
            <method name="(anonymous_3)" hits="21" signature="()V">
              <lines>
                <line number="47" hits="21"/>
              </lines>
            </method>
            <method name="(anonymous_4)" hits="28" signature="()V">
              <lines>
                <line number="59" hits="28"/>
              </lines>
            </method>
            <method name="(anonymous_5)" hits="1" signature="()V">
              <lines>
                <line number="66" hits="1"/>
              </lines>
            </method>
            <method name="(anonymous_6)" hits="2" signature="()V">
              <lines>
                <line number="75" hits="2"/>
              </lines>
            </method>
            <method name="(anonymous_7)" hits="14" signature="()V">
              <lines>
                <line number="79" hits="14"/>
              </lines>
            </method>
          </methods>
          <lines>
            <line number="1" hits="5" branch="false"/>
            <line number="6" hits="5" branch="false"/>
            <line number="17" hits="11" branch="true" condition-coverage="100% (2/2)"/>
            <line number="18" hits="6" branch="false"/>
            <line number="20" hits="5" branch="false"/>
            <line number="21" hits="5" branch="false"/>
            <line number="28" hits="6" branch="false"/>
            <line number="37" hits="9" branch="true" condition-coverage="100% (2/2)"/>
            <line number="38" hits="3" branch="false"/>
            <line number="40" hits="6" branch="false"/>
            <line number="49" hits="21" branch="true" condition-coverage="100% (2/2)"/>
            <line number="50" hits="3" branch="false"/>
            <line number="52" hits="18" branch="false"/>
            <line number="60" hits="28" branch="false"/>
            <line number="67" hits="1" branch="false"/>
            <line number="76" hits="2" branch="false"/>
            <line number="78" hits="2" branch="false"/>
            <line number="80" hits="14" branch="false"/>
            <line number="81" hits="14" branch="true" condition-coverage="100% (2/2)"/>
            <line number="82" hits="2" branch="false"/>
            <line number="87" hits="12" branch="false"/>
          </lines>
        </class>
        <class name="index.ts" filename="src\iterators\index.ts" line-rate="1" branch-rate="1">
          <methods>
            <method name="(anonymous_0)" hits="11" signature="()V">
              <lines>
                <line number="1" hits="11"/>
              </lines>
            </method>
            <method name="(anonymous_1)" hits="11" signature="()V">
              <lines>
                <line number="2" hits="11"/>
              </lines>
            </method>
            <method name="(anonymous_2)" hits="11" signature="()V">
              <lines>
                <line number="3" hits="11"/>
              </lines>
            </method>
          </methods>
          <lines>
            <line number="1" hits="16" branch="false"/>
            <line number="2" hits="16" branch="false"/>
            <line number="3" hits="16" branch="false"/>
          </lines>
        </class>
      </classes>
    </package>
  </packages>
</coverage>
