TN:
SF:src\coordinates.ts
FN:20,(anonymous_0)
FN:30,(anonymous_1)
FN:45,(anonymous_2)
FN:69,(anonymous_3)
FN:76,(anonymous_4)
FN:94,(anonymous_5)
FN:116,(anonymous_6)
FN:131,(anonymous_7)
FN:148,(anonymous_8)
FN:158,(anonymous_9)
FN:171,(anonymous_10)
FN:181,(anonymous_11)
FN:195,(anonymous_12)
FN:203,(anonymous_13)
FNF:14
FNH:14
FNDA:434,(anonymous_0)
FNDA:430,(anonymous_1)
FNDA:1649,(anonymous_2)
FNDA:52,(anonymous_3)
FNDA:74,(anonymous_4)
FNDA:16,(anonymous_5)
FNDA:36,(anonymous_6)
FNDA:390,(anonymous_7)
FNDA:581,(anonymous_8)
FNDA:432,(anonymous_9)
FNDA:571,(anonymous_10)
FNDA:435,(anonymous_11)
FNDA:17,(anonymous_12)
FNDA:14,(anonymous_13)
DA:1,5
DA:6,5
DA:21,434
DA:22,434
DA:31,430
DA:32,430
DA:33,4
DA:46,1649
DA:53,6
DA:55,1643
DA:56,1643
DA:57,1629
DA:59,14
DA:70,52
DA:71,12
DA:73,40
DA:74,2
DA:76,74
DA:77,38
DA:78,2
DA:80,36
DA:81,8
DA:83,28
DA:95,16
DA:96,7
DA:98,9
DA:99,1
DA:101,8
DA:102,8
DA:103,8
DA:104,4
DA:106,4
DA:117,36
DA:118,36
DA:119,12
DA:121,24
DA:122,24
DA:132,390
DA:133,7
DA:135,383
DA:136,383
DA:137,383
DA:138,4
DA:140,379
DA:141,379
DA:149,581
DA:159,432
DA:160,432
DA:161,4
DA:163,428
DA:164,428
DA:172,571
DA:182,435
DA:183,435
DA:184,8
DA:186,427
DA:187,427
DA:196,17
DA:204,14
LF:59
LH:59
BRDA:32,0,0,4
BRDA:32,0,1,426
BRDA:32,1,0,430
BRDA:32,1,1,427
BRDA:46,2,0,6
BRDA:46,2,1,1643
BRDA:47,3,0,1649
BRDA:47,3,1,1648
BRDA:47,3,2,1647
BRDA:47,3,3,1645
BRDA:47,3,4,1644
BRDA:56,4,0,1629
BRDA:56,4,1,14
BRDA:56,5,0,1643
BRDA:56,5,1,1636
BRDA:69,6,0,11
BRDA:70,7,0,12
BRDA:70,7,1,40
BRDA:73,8,0,2
BRDA:73,8,1,38
BRDA:73,9,0,40
BRDA:73,9,1,3
BRDA:73,9,2,2
BRDA:76,10,0,38
BRDA:76,10,1,1
BRDA:77,11,0,2
BRDA:77,11,1,36
BRDA:80,12,0,8
BRDA:80,12,1,28
BRDA:80,13,0,36
BRDA:80,13,1,32
BRDA:80,13,2,30
BRDA:80,13,3,28
BRDA:94,14,0,13
BRDA:95,15,0,7
BRDA:95,15,1,9
BRDA:95,16,0,16
BRDA:95,16,1,11
BRDA:98,17,0,1
BRDA:98,17,1,8
BRDA:98,18,0,9
BRDA:98,18,1,2
BRDA:98,18,2,1
BRDA:103,19,0,4
BRDA:103,19,1,4
BRDA:103,20,0,8
BRDA:103,20,1,6
BRDA:106,21,0,4
BRDA:106,21,1,1
BRDA:116,22,0,27
BRDA:118,23,0,12
BRDA:118,23,1,24
BRDA:132,24,0,7
BRDA:132,24,1,383
BRDA:132,25,0,390
BRDA:132,25,1,385
BRDA:137,26,0,4
BRDA:137,26,1,379
BRDA:137,27,0,383
BRDA:137,27,1,381
BRDA:160,28,0,4
BRDA:160,28,1,428
BRDA:183,29,0,8
BRDA:183,29,1,427
BRDA:195,30,0,14
BRDA:196,31,0,17
BRDA:196,31,1,1
BRF:67
BRH:67
end_of_record
TN:
SF:src\danMatrix.ts
FN:36,(anonymous_1)
FN:46,(anonymous_2)
FN:63,(anonymous_3)
FN:73,(anonymous_4)
FN:83,(anonymous_5)
FN:110,(anonymous_6)
FN:118,(anonymous_7)
FN:129,(anonymous_8)
FN:138,(anonymous_9)
FN:151,(anonymous_10)
FN:170,(anonymous_11)
FN:187,(anonymous_12)
FN:212,(anonymous_13)
FN:236,(anonymous_14)
FN:340,(anonymous_15)
FN:357,(anonymous_16)
FN:380,(anonymous_17)
FN:401,(anonymous_18)
FN:436,(anonymous_19)
FN:454,(anonymous_20)
FN:477,(anonymous_21)
FN:503,(anonymous_22)
FN:523,(anonymous_23)
FN:531,(anonymous_24)
FN:539,(anonymous_25)
FNF:25
FNH:25
FNDA:66,(anonymous_1)
FNDA:83,(anonymous_2)
FNDA:66,(anonymous_3)
FNDA:1,(anonymous_4)
FNDA:19,(anonymous_5)
FNDA:325,(anonymous_6)
FNDA:341,(anonymous_7)
FNDA:44,(anonymous_8)
FNDA:530,(anonymous_9)
FNDA:10,(anonymous_10)
FNDA:6,(anonymous_11)
FNDA:8,(anonymous_12)
FNDA:6,(anonymous_13)
FNDA:31,(anonymous_14)
FNDA:56,(anonymous_15)
FNDA:7,(anonymous_16)
FNDA:32,(anonymous_17)
FNDA:8,(anonymous_18)
FNDA:6,(anonymous_19)
FNDA:6,(anonymous_20)
FNDA:5,(anonymous_21)
FNDA:5,(anonymous_22)
FNDA:1,(anonymous_23)
FNDA:1,(anonymous_24)
FNDA:1,(anonymous_25)
DA:2,5
DA:4,5
DA:22,5
DA:37,66
DA:47,83
DA:48,83
DA:49,60
DA:51,43
DA:52,128
DA:53,4
DA:55,124
DA:56,124
DA:59,17
DA:60,6
DA:62,11
DA:63,66
DA:74,1
DA:75,1
DA:84,19
DA:85,19
DA:86,71
DA:87,71
DA:88,71
DA:89,352
DA:90,352
DA:91,352
DA:92,352
DA:93,352
DA:96,352
DA:98,71
DA:99,19
DA:101,71
DA:103,19
DA:111,325
DA:119,341
DA:120,2
DA:122,339
DA:130,44
DA:139,530
DA:140,1
DA:142,529
DA:152,10
DA:153,1
DA:155,9
DA:156,9
DA:157,9
DA:158,3
DA:160,6
DA:161,6
DA:171,6
DA:172,1
DA:174,5
DA:175,1
DA:177,4
DA:178,4
DA:188,8
DA:189,1
DA:191,7
DA:192,5
DA:193,1
DA:195,4
DA:196,10
DA:197,10
DA:200,2
DA:201,7
DA:204,6
DA:213,6
DA:214,6
DA:215,14
DA:216,14
DA:217,64
DA:218,64
DA:219,8
DA:223,6
DA:247,31
DA:248,31
DA:249,1
DA:251,30
DA:252,30
DA:253,30
DA:254,30
DA:255,30
DA:256,30
DA:257,30
DA:260,30
DA:261,16
DA:266,16
DA:269,30
DA:270,21
DA:275,21
DA:278,30
DA:279,16
DA:284,16
DA:287,30
DA:288,21
DA:293,21
DA:296,30
DA:297,24
DA:302,24
DA:305,30
DA:306,18
DA:311,18
DA:314,30
DA:315,26
DA:320,26
DA:323,30
DA:324,21
DA:329,21
DA:331,30
DA:341,56
DA:342,1
DA:344,55
DA:345,2
DA:347,53
DA:358,7
DA:359,1
DA:361,6
DA:362,1
DA:364,5
DA:365,1
DA:367,4
DA:368,1
DA:370,3
DA:371,3
DA:381,32
DA:382,1
DA:384,31
DA:385,1
DA:387,30
DA:388,30
DA:389,89
DA:391,30
DA:402,8
DA:403,1
DA:405,7
DA:406,5
DA:407,1
DA:409,4
DA:410,1
DA:411,3
DA:412,1
DA:414,2
DA:415,4
DA:416,4
DA:420,2
DA:421,1
DA:423,1
DA:426,2
DA:437,6
DA:438,1
DA:440,5
DA:441,1
DA:443,4
DA:444,4
DA:455,6
DA:456,1
DA:458,5
DA:459,1
DA:461,4
DA:462,17
DA:463,17
DA:465,4
DA:478,5
DA:479,1
DA:481,4
DA:482,2
DA:484,2
DA:485,2
DA:486,1
DA:488,1
DA:489,6
DA:491,1
DA:504,5
DA:505,1
DA:507,4
DA:508,2
DA:510,2
DA:511,1
DA:513,1
DA:514,6
DA:516,1
DA:524,1
DA:532,1
DA:540,1
LF:184
LH:184
BRDA:48,0,0,60
BRDA:48,0,1,23
BRDA:49,1,0,43
BRDA:49,1,1,17
BRDA:52,2,0,4
BRDA:52,2,1,124
BRDA:52,3,0,128
BRDA:52,3,1,126
BRDA:52,3,2,126
BRDA:52,3,3,84
BRDA:59,4,0,6
BRDA:59,4,1,11
BRDA:59,5,0,17
BRDA:59,5,1,16
BRDA:59,5,2,15
BRDA:59,5,3,14
BRDA:83,6,0,11
BRDA:90,7,0,352
BRDA:90,7,1,0
BRDA:90,8,0,352
BRDA:90,8,1,47
BRDA:92,9,0,352
BRDA:92,9,1,0
BRDA:98,10,0,19
BRDA:98,10,1,52
BRDA:119,11,0,2
BRDA:119,11,1,339
BRDA:139,12,0,1
BRDA:139,12,1,529
BRDA:152,13,0,1
BRDA:152,13,1,9
BRDA:157,14,0,3
BRDA:157,14,1,6
BRDA:157,15,0,9
BRDA:157,15,1,6
BRDA:171,16,0,1
BRDA:171,16,1,5
BRDA:171,17,0,6
BRDA:171,17,1,6
BRDA:174,18,0,1
BRDA:174,18,1,4
BRDA:174,19,0,5
BRDA:174,19,1,5
BRDA:188,20,0,1
BRDA:188,20,1,7
BRDA:188,21,0,8
BRDA:188,21,1,7
BRDA:191,22,0,5
BRDA:191,22,1,2
BRDA:192,23,0,1
BRDA:192,23,1,4
BRDA:218,24,0,8
BRDA:218,24,1,56
BRDA:248,25,0,1
BRDA:248,25,1,30
BRDA:260,26,0,16
BRDA:260,26,1,14
BRDA:260,27,0,30
BRDA:260,27,1,21
BRDA:269,28,0,21
BRDA:269,28,1,9
BRDA:278,29,0,16
BRDA:278,29,1,14
BRDA:278,30,0,30
BRDA:278,30,1,21
BRDA:287,31,0,21
BRDA:287,31,1,9
BRDA:296,32,0,24
BRDA:296,32,1,6
BRDA:305,33,0,18
BRDA:305,33,1,12
BRDA:305,34,0,30
BRDA:305,34,1,26
BRDA:314,35,0,26
BRDA:314,35,1,4
BRDA:323,36,0,21
BRDA:323,36,1,9
BRDA:323,37,0,30
BRDA:323,37,1,26
BRDA:341,38,0,1
BRDA:341,38,1,55
BRDA:341,39,0,56
BRDA:341,39,1,55
BRDA:344,40,0,2
BRDA:344,40,1,53
BRDA:358,41,0,1
BRDA:358,41,1,6
BRDA:358,42,0,7
BRDA:358,42,1,7
BRDA:358,42,2,6
BRDA:358,42,3,6
BRDA:361,43,0,1
BRDA:361,43,1,5
BRDA:364,44,0,1
BRDA:364,44,1,4
BRDA:367,45,0,1
BRDA:367,45,1,3
BRDA:381,46,0,1
BRDA:381,46,1,31
BRDA:381,47,0,32
BRDA:381,47,1,32
BRDA:384,48,0,1
BRDA:384,48,1,30
BRDA:402,49,0,1
BRDA:402,49,1,7
BRDA:402,50,0,8
BRDA:402,50,1,8
BRDA:402,50,2,7
BRDA:402,50,3,7
BRDA:405,51,0,5
BRDA:405,51,1,2
BRDA:406,52,0,1
BRDA:406,52,1,4
BRDA:409,53,0,1
BRDA:409,53,1,3
BRDA:411,54,0,1
BRDA:411,54,1,2
BRDA:420,55,0,1
BRDA:420,55,1,1
BRDA:437,56,0,1
BRDA:437,56,1,5
BRDA:437,57,0,6
BRDA:437,57,1,5
BRDA:440,58,0,1
BRDA:440,58,1,4
BRDA:455,59,0,1
BRDA:455,59,1,5
BRDA:455,60,0,6
BRDA:455,60,1,6
BRDA:458,61,0,1
BRDA:458,61,1,4
BRDA:458,62,0,5
BRDA:458,62,1,5
BRDA:478,63,0,1
BRDA:478,63,1,4
BRDA:478,64,0,5
BRDA:478,64,1,5
BRDA:478,64,2,5
BRDA:478,64,3,4
BRDA:481,65,0,2
BRDA:481,65,1,2
BRDA:485,66,0,1
BRDA:485,66,1,1
BRDA:504,67,0,1
BRDA:504,67,1,4
BRDA:504,68,0,5
BRDA:504,68,1,5
BRDA:504,68,2,4
BRDA:504,68,3,4
BRDA:507,69,0,2
BRDA:507,69,1,2
BRDA:510,70,0,1
BRDA:510,70,1,1
BRF:153
BRH:151
end_of_record
TN:
SF:src\index.ts
FN:1,(anonymous_0)
FN:3,(anonymous_1)
FN:3,(anonymous_2)
FN:3,(anonymous_3)
FN:4,(anonymous_4)
FNF:5
FNH:5
FNDA:99,(anonymous_0)
FNDA:1,(anonymous_1)
FNDA:1,(anonymous_2)
FNDA:1,(anonymous_3)
FNDA:1006,(anonymous_4)
DA:1,104
DA:3,6
DA:4,1011
LF:3
LH:3
BRF:0
BRH:0
end_of_record
TN:
SF:src\iterators\danMatrixColumnsIterator.ts
FN:16,(anonymous_0)
FN:27,(anonymous_1)
FN:35,(anonymous_2)
FN:47,(anonymous_3)
FN:59,(anonymous_4)
FN:66,(anonymous_5)
FN:75,(anonymous_6)
FN:79,(anonymous_7)
FNF:8
FNH:8
FNDA:11,(anonymous_0)
FNDA:6,(anonymous_1)
FNDA:7,(anonymous_2)
FNDA:17,(anonymous_3)
FNDA:22,(anonymous_4)
FNDA:1,(anonymous_5)
FNDA:2,(anonymous_6)
FNDA:12,(anonymous_7)
DA:1,5
DA:6,5
DA:17,11
DA:18,6
DA:20,5
DA:21,5
DA:28,6
DA:37,7
DA:38,3
DA:40,4
DA:49,17
DA:50,3
DA:52,14
DA:60,22
DA:67,1
DA:76,2
DA:78,2
DA:80,12
DA:81,12
DA:82,2
DA:87,10
LF:21
LH:21
BRDA:17,0,0,6
BRDA:17,0,1,5
BRDA:37,1,0,3
BRDA:37,1,1,4
BRDA:49,2,0,3
BRDA:49,2,1,14
BRDA:81,3,0,2
BRDA:81,3,1,10
BRF:8
BRH:8
end_of_record
TN:
SF:src\iterators\danMatrixElementsIterator.ts
FN:20,(anonymous_0)
FN:31,(anonymous_1)
FN:40,(anonymous_2)
FN:62,(anonymous_3)
FN:83,(anonymous_4)
FN:90,(anonymous_5)
FN:99,(anonymous_6)
FN:103,(anonymous_7)
FNF:8
FNH:8
FNDA:12,(anonymous_0)
FNDA:8,(anonymous_1)
FNDA:165,(anonymous_2)
FNDA:125,(anonymous_3)
FNDA:169,(anonymous_4)
FNDA:2,(anonymous_5)
FNDA:3,(anonymous_6)
FNDA:81,(anonymous_7)
DA:1,5
DA:6,5
DA:21,12
DA:22,6
DA:24,6
DA:25,6
DA:32,8
DA:33,8
DA:42,165
DA:43,3
DA:45,162
DA:46,162
DA:47,162
DA:48,0
DA:50,162
DA:55,162
DA:64,125
DA:65,5
DA:67,120
DA:68,5
DA:69,5
DA:70,115
DA:71,90
DA:73,25
DA:74,25
DA:76,120
DA:84,169
DA:91,2
DA:100,3
DA:102,3
DA:104,81
DA:105,81
DA:106,3
DA:111,78
LF:34
LH:33
BRDA:21,0,0,6
BRDA:21,0,1,6
BRDA:42,1,0,3
BRDA:42,1,1,162
BRDA:47,2,0,0
BRDA:47,2,1,162
BRDA:64,3,0,5
BRDA:64,3,1,120
BRDA:67,4,0,5
BRDA:67,4,1,115
BRDA:70,5,0,90
BRDA:70,5,1,25
BRDA:84,6,0,169
BRDA:84,6,1,27
BRDA:105,7,0,3
BRDA:105,7,1,78
BRF:16
BRH:15
end_of_record
TN:
SF:src\iterators\danMatrixRowsIterator.ts
FN:16,(anonymous_0)
FN:27,(anonymous_1)
FN:35,(anonymous_2)
FN:47,(anonymous_3)
FN:59,(anonymous_4)
FN:66,(anonymous_5)
FN:75,(anonymous_6)
FN:79,(anonymous_7)
FNF:8
FNH:8
FNDA:11,(anonymous_0)
FNDA:6,(anonymous_1)
FNDA:9,(anonymous_2)
FNDA:21,(anonymous_3)
FNDA:28,(anonymous_4)
FNDA:1,(anonymous_5)
FNDA:2,(anonymous_6)
FNDA:14,(anonymous_7)
DA:1,5
DA:6,5
DA:17,11
DA:18,6
DA:20,5
DA:21,5
DA:28,6
DA:37,9
DA:38,3
DA:40,6
DA:49,21
DA:50,3
DA:52,18
DA:60,28
DA:67,1
DA:76,2
DA:78,2
DA:80,14
DA:81,14
DA:82,2
DA:87,12
LF:21
LH:21
BRDA:17,0,0,6
BRDA:17,0,1,5
BRDA:37,1,0,3
BRDA:37,1,1,6
BRDA:49,2,0,3
BRDA:49,2,1,18
BRDA:81,3,0,2
BRDA:81,3,1,12
BRF:8
BRH:8
end_of_record
TN:
SF:src\iterators\index.ts
FN:1,(anonymous_0)
FN:2,(anonymous_1)
FN:3,(anonymous_2)
FNF:3
FNH:3
FNDA:11,(anonymous_0)
FNDA:11,(anonymous_1)
FNDA:12,(anonymous_2)
DA:1,16
DA:2,16
DA:3,17
LF:3
LH:3
BRF:0
BRH:0
end_of_record
