TN:
SF:src\coordinates.ts
FN:20,(anonymous_0)
FN:30,(anonymous_1)
FN:45,(anonymous_2)
FN:69,(anonymous_3)
FN:76,(anonymous_4)
FN:94,(anonymous_5)
FN:116,(anonymous_6)
FN:131,(anonymous_7)
FN:148,(anonymous_8)
FN:158,(anonymous_9)
FN:171,(anonymous_10)
FN:181,(anonymous_11)
FN:195,(anonymous_12)
FN:203,(anonymous_13)
FNF:14
FNH:14
FNDA:15,(anonymous_0)
FNDA:11,(anonymous_1)
FNDA:57,(anonymous_2)
FNDA:33,(anonymous_3)
FNDA:36,(anonymous_4)
FNDA:16,(anonymous_5)
FNDA:17,(anonymous_6)
FNDA:13,(anonymous_7)
FNDA:11,(anonymous_8)
FNDA:13,(anonymous_9)
FNDA:11,(anonymous_10)
FNDA:16,(anonymous_11)
FNDA:4,(anonymous_12)
FNDA:2,(anonymous_13)
DA:1,4
DA:6,4
DA:21,15
DA:22,15
DA:31,11
DA:32,11
DA:33,4
DA:46,57
DA:53,6
DA:55,51
DA:56,51
DA:57,37
DA:59,14
DA:70,33
DA:71,12
DA:73,21
DA:74,2
DA:76,36
DA:77,19
DA:78,2
DA:80,17
DA:81,8
DA:83,9
DA:95,16
DA:96,7
DA:98,9
DA:99,1
DA:101,8
DA:102,8
DA:103,8
DA:104,4
DA:106,4
DA:117,17
DA:118,17
DA:119,12
DA:121,5
DA:122,5
DA:132,13
DA:133,7
DA:135,6
DA:136,6
DA:137,6
DA:138,4
DA:140,2
DA:141,2
DA:149,11
DA:159,13
DA:160,13
DA:161,4
DA:163,9
DA:164,9
DA:172,11
DA:182,16
DA:183,16
DA:184,8
DA:186,8
DA:187,8
DA:196,4
DA:204,2
LF:59
LH:59
BRDA:32,0,0,4
BRDA:32,0,1,7
BRDA:32,1,0,11
BRDA:32,1,1,8
BRDA:46,2,0,6
BRDA:46,2,1,51
BRDA:47,3,0,57
BRDA:47,3,1,56
BRDA:47,3,2,55
BRDA:47,3,3,53
BRDA:47,3,4,52
BRDA:56,4,0,37
BRDA:56,4,1,14
BRDA:56,5,0,51
BRDA:56,5,1,44
BRDA:69,6,0,11
BRDA:70,7,0,12
BRDA:70,7,1,21
BRDA:73,8,0,2
BRDA:73,8,1,19
BRDA:73,9,0,21
BRDA:73,9,1,3
BRDA:73,9,2,2
BRDA:76,10,0,18
BRDA:76,10,1,1
BRDA:76,11,0,19
BRDA:76,11,1,18
BRDA:77,12,0,2
BRDA:77,12,1,17
BRDA:80,13,0,8
BRDA:80,13,1,9
BRDA:80,14,0,17
BRDA:80,14,1,13
BRDA:80,14,2,11
BRDA:80,14,3,9
BRDA:94,15,0,13
BRDA:95,16,0,7
BRDA:95,16,1,9
BRDA:95,17,0,16
BRDA:95,17,1,11
BRDA:98,18,0,1
BRDA:98,18,1,8
BRDA:98,19,0,9
BRDA:98,19,1,2
BRDA:98,19,2,1
BRDA:103,20,0,4
BRDA:103,20,1,4
BRDA:103,21,0,8
BRDA:103,21,1,6
BRDA:106,22,0,3
BRDA:106,22,1,1
BRDA:106,23,0,4
BRDA:106,23,1,3
BRDA:116,24,0,10
BRDA:118,25,0,12
BRDA:118,25,1,5
BRDA:132,26,0,7
BRDA:132,26,1,6
BRDA:132,27,0,13
BRDA:132,27,1,8
BRDA:137,28,0,4
BRDA:137,28,1,2
BRDA:137,29,0,6
BRDA:137,29,1,4
BRDA:160,30,0,4
BRDA:160,30,1,9
BRDA:183,31,0,8
BRDA:183,31,1,8
BRDA:195,32,0,1
BRDA:196,33,0,3
BRDA:196,33,1,1
BRDA:196,34,0,4
BRDA:196,34,1,3
BRF:73
BRH:73
end_of_record
TN:
SF:src\danMatrix.ts
FN:24,(anonymous_1)
FN:34,(anonymous_2)
FN:51,(anonymous_3)
FN:61,(anonymous_4)
FN:71,(anonymous_5)
FN:98,(anonymous_6)
FN:106,(anonymous_7)
FN:119,(anonymous_8)
FN:130,(anonymous_9)
FN:145,(anonymous_10)
FN:149,(anonymous_11)
FN:164,(anonymous_12)
FN:168,(anonymous_13)
FN:181,(anonymous_14)
FN:198,(anonymous_15)
FN:223,(anonymous_16)
FN:243,(anonymous_17)
FN:260,(anonymous_18)
FN:283,(anonymous_19)
FN:304,(anonymous_20)
FN:339,(anonymous_21)
FN:357,(anonymous_22)
FN:380,(anonymous_23)
FN:406,(anonymous_24)
FN:426,(anonymous_25)
FN:434,(anonymous_26)
FNF:26
FNH:26
FNDA:58,(anonymous_1)
FNDA:75,(anonymous_2)
FNDA:54,(anonymous_3)
FNDA:1,(anonymous_4)
FNDA:19,(anonymous_5)
FNDA:82,(anonymous_6)
FNDA:125,(anonymous_7)
FNDA:55,(anonymous_8)
FNDA:9,(anonymous_9)
FNDA:21,(anonymous_10)
FNDA:38,(anonymous_11)
FNDA:4,(anonymous_12)
FNDA:5,(anonymous_13)
FNDA:6,(anonymous_14)
FNDA:8,(anonymous_15)
FNDA:6,(anonymous_16)
FNDA:56,(anonymous_17)
FNDA:7,(anonymous_18)
FNDA:32,(anonymous_19)
FNDA:8,(anonymous_20)
FNDA:6,(anonymous_21)
FNDA:6,(anonymous_22)
FNDA:5,(anonymous_23)
FNDA:5,(anonymous_24)
FNDA:1,(anonymous_25)
FNDA:1,(anonymous_26)
DA:2,4
DA:4,4
DA:10,4
DA:25,58
DA:35,75
DA:36,75
DA:37,53
DA:39,38
DA:40,109
DA:41,4
DA:43,105
DA:44,105
DA:47,15
DA:48,6
DA:50,9
DA:51,54
DA:62,1
DA:63,1
DA:72,19
DA:73,19
DA:74,71
DA:75,71
DA:76,71
DA:77,352
DA:78,352
DA:79,352
DA:80,352
DA:81,352
DA:84,352
DA:86,71
DA:87,19
DA:89,71
DA:91,19
DA:99,82
DA:107,125
DA:108,1
DA:110,124
DA:120,55
DA:131,9
DA:132,3
DA:134,6
DA:135,6
DA:146,21
DA:147,1
DA:149,38
DA:150,20
DA:151,2
DA:153,18
DA:165,4
DA:166,1
DA:168,5
DA:169,3
DA:170,1
DA:172,2
DA:182,6
DA:183,1
DA:185,5
DA:186,1
DA:188,4
DA:189,4
DA:199,8
DA:200,1
DA:202,7
DA:203,5
DA:204,1
DA:206,4
DA:207,10
DA:208,10
DA:211,2
DA:212,7
DA:215,6
DA:224,6
DA:225,6
DA:226,14
DA:227,14
DA:228,64
DA:229,64
DA:230,8
DA:234,6
DA:244,56
DA:245,1
DA:247,55
DA:248,2
DA:250,53
DA:261,7
DA:262,1
DA:264,6
DA:265,1
DA:267,5
DA:268,1
DA:270,4
DA:271,1
DA:273,3
DA:274,3
DA:284,32
DA:285,1
DA:287,31
DA:288,1
DA:290,30
DA:291,30
DA:292,89
DA:294,30
DA:305,8
DA:306,1
DA:308,7
DA:309,5
DA:310,1
DA:312,4
DA:313,1
DA:314,3
DA:315,1
DA:317,2
DA:318,4
DA:319,4
DA:323,2
DA:324,1
DA:326,1
DA:329,2
DA:340,6
DA:341,1
DA:343,5
DA:344,1
DA:346,4
DA:347,4
DA:358,6
DA:359,1
DA:361,5
DA:362,1
DA:364,4
DA:365,17
DA:366,17
DA:368,4
DA:381,5
DA:382,1
DA:384,4
DA:385,2
DA:387,2
DA:388,2
DA:389,1
DA:391,1
DA:392,6
DA:394,1
DA:407,5
DA:408,1
DA:410,4
DA:411,2
DA:413,2
DA:414,1
DA:416,1
DA:417,6
DA:419,1
DA:427,1
DA:435,1
LF:153
LH:153
BRDA:36,0,0,53
BRDA:36,0,1,22
BRDA:37,1,0,38
BRDA:37,1,1,15
BRDA:40,2,0,4
BRDA:40,2,1,105
BRDA:40,3,0,109
BRDA:40,3,1,107
BRDA:40,3,2,107
BRDA:40,3,3,70
BRDA:47,4,0,6
BRDA:47,4,1,9
BRDA:47,5,0,15
BRDA:47,5,1,14
BRDA:47,5,2,13
BRDA:47,5,3,12
BRDA:71,6,0,11
BRDA:78,7,0,352
BRDA:78,7,1,0
BRDA:78,8,0,352
BRDA:78,8,1,47
BRDA:80,9,0,352
BRDA:80,9,1,0
BRDA:86,10,0,19
BRDA:86,10,1,52
BRDA:107,11,0,1
BRDA:107,11,1,124
BRDA:120,12,0,10
BRDA:120,12,1,45
BRDA:120,13,0,55
BRDA:120,13,1,55
BRDA:131,14,0,3
BRDA:131,14,1,6
BRDA:131,15,0,9
BRDA:131,15,1,6
BRDA:145,16,0,18
BRDA:146,17,0,1
BRDA:146,17,1,20
BRDA:150,18,0,2
BRDA:150,18,1,18
BRDA:164,19,0,4
BRDA:165,20,0,1
BRDA:165,20,1,3
BRDA:169,21,0,1
BRDA:169,21,1,2
BRDA:182,22,0,1
BRDA:182,22,1,5
BRDA:182,23,0,6
BRDA:182,23,1,6
BRDA:185,24,0,1
BRDA:185,24,1,4
BRDA:185,25,0,5
BRDA:185,25,1,5
BRDA:199,26,0,1
BRDA:199,26,1,7
BRDA:199,27,0,8
BRDA:199,27,1,7
BRDA:202,28,0,5
BRDA:202,28,1,2
BRDA:203,29,0,1
BRDA:203,29,1,4
BRDA:229,30,0,8
BRDA:229,30,1,56
BRDA:244,31,0,1
BRDA:244,31,1,55
BRDA:244,32,0,56
BRDA:244,32,1,55
BRDA:247,33,0,2
BRDA:247,33,1,53
BRDA:261,34,0,1
BRDA:261,34,1,6
BRDA:261,35,0,7
BRDA:261,35,1,7
BRDA:261,35,2,6
BRDA:261,35,3,6
BRDA:264,36,0,1
BRDA:264,36,1,5
BRDA:267,37,0,1
BRDA:267,37,1,4
BRDA:270,38,0,1
BRDA:270,38,1,3
BRDA:284,39,0,1
BRDA:284,39,1,31
BRDA:284,40,0,32
BRDA:284,40,1,32
BRDA:287,41,0,1
BRDA:287,41,1,30
BRDA:305,42,0,1
BRDA:305,42,1,7
BRDA:305,43,0,8
BRDA:305,43,1,8
BRDA:305,43,2,7
BRDA:305,43,3,7
BRDA:308,44,0,5
BRDA:308,44,1,2
BRDA:309,45,0,1
BRDA:309,45,1,4
BRDA:312,46,0,1
BRDA:312,46,1,3
BRDA:314,47,0,1
BRDA:314,47,1,2
BRDA:323,48,0,1
BRDA:323,48,1,1
BRDA:340,49,0,1
BRDA:340,49,1,5
BRDA:340,50,0,6
BRDA:340,50,1,5
BRDA:343,51,0,1
BRDA:343,51,1,4
BRDA:358,52,0,1
BRDA:358,52,1,5
BRDA:358,53,0,6
BRDA:358,53,1,6
BRDA:361,54,0,1
BRDA:361,54,1,4
BRDA:361,55,0,5
BRDA:361,55,1,5
BRDA:381,56,0,1
BRDA:381,56,1,4
BRDA:381,57,0,5
BRDA:381,57,1,5
BRDA:381,57,2,5
BRDA:381,57,3,4
BRDA:384,58,0,2
BRDA:384,58,1,2
BRDA:388,59,0,1
BRDA:388,59,1,1
BRDA:407,60,0,1
BRDA:407,60,1,4
BRDA:407,61,0,5
BRDA:407,61,1,5
BRDA:407,61,2,4
BRDA:407,61,3,4
BRDA:410,62,0,2
BRDA:410,62,1,2
BRDA:413,63,0,1
BRDA:413,63,1,1
BRF:137
BRH:135
end_of_record
TN:
SF:src\index.ts
FN:1,(anonymous_0)
FN:3,(anonymous_1)
FN:3,(anonymous_2)
FN:4,(anonymous_3)
FNF:4
FNH:4
FNDA:79,(anonymous_0)
FNDA:1,(anonymous_1)
FNDA:1,(anonymous_2)
FNDA:70,(anonymous_3)
DA:1,83
DA:3,5
DA:4,74
LF:3
LH:3
BRF:0
BRH:0
end_of_record
TN:
SF:src\iterators\danMatrixColumnsIterator.ts
FN:16,(anonymous_0)
FN:27,(anonymous_1)
FN:35,(anonymous_2)
FN:47,(anonymous_3)
FN:59,(anonymous_4)
FN:66,(anonymous_5)
FN:75,(anonymous_6)
FN:79,(anonymous_7)
FNF:8
FNH:8
FNDA:11,(anonymous_0)
FNDA:6,(anonymous_1)
FNDA:7,(anonymous_2)
FNDA:17,(anonymous_3)
FNDA:22,(anonymous_4)
FNDA:1,(anonymous_5)
FNDA:2,(anonymous_6)
FNDA:12,(anonymous_7)
DA:1,4
DA:6,4
DA:17,11
DA:18,6
DA:20,5
DA:21,5
DA:28,6
DA:37,7
DA:38,3
DA:40,4
DA:49,17
DA:50,3
DA:52,14
DA:60,22
DA:67,1
DA:76,2
DA:78,2
DA:80,12
DA:81,12
DA:82,2
DA:87,10
LF:21
LH:21
BRDA:17,0,0,6
BRDA:17,0,1,5
BRDA:37,1,0,3
BRDA:37,1,1,4
BRDA:49,2,0,3
BRDA:49,2,1,14
BRDA:81,3,0,2
BRDA:81,3,1,10
BRF:8
BRH:8
end_of_record
TN:
SF:src\iterators\danMatrixRowsIterator.ts
FN:16,(anonymous_0)
FN:27,(anonymous_1)
FN:35,(anonymous_2)
FN:47,(anonymous_3)
FN:59,(anonymous_4)
FN:66,(anonymous_5)
FN:75,(anonymous_6)
FN:79,(anonymous_7)
FNF:8
FNH:8
FNDA:11,(anonymous_0)
FNDA:6,(anonymous_1)
FNDA:9,(anonymous_2)
FNDA:21,(anonymous_3)
FNDA:28,(anonymous_4)
FNDA:1,(anonymous_5)
FNDA:2,(anonymous_6)
FNDA:14,(anonymous_7)
DA:1,4
DA:6,4
DA:17,11
DA:18,6
DA:20,5
DA:21,5
DA:28,6
DA:37,9
DA:38,3
DA:40,6
DA:49,21
DA:50,3
DA:52,18
DA:60,28
DA:67,1
DA:76,2
DA:78,2
DA:80,14
DA:81,14
DA:82,2
DA:87,12
LF:21
LH:21
BRDA:17,0,0,6
BRDA:17,0,1,5
BRDA:37,1,0,3
BRDA:37,1,1,6
BRDA:49,2,0,3
BRDA:49,2,1,18
BRDA:81,3,0,2
BRDA:81,3,1,12
BRF:8
BRH:8
end_of_record
TN:
SF:src\iterators\index.ts
FN:1,(anonymous_0)
FN:2,(anonymous_1)
FNF:2
FNH:2
FNDA:11,(anonymous_0)
FNDA:11,(anonymous_1)
DA:1,15
DA:2,15
LF:2
LH:2
BRF:0
BRH:0
end_of_record
